<?xml version="1.0" encoding="UTF-8"?>
<!-- Generated by org.testng.reporters.JUnitReportReporter -->
<testsuite hostname="ICS-LTP-VELSEL" failures="0" tests="3" name="Day41.Firsttestcase" time="0.036" errors="0" timestamp="2023-11-17T18:52:46 NZDT" skipped="0">
  <testcase classname="Day41.Firsttestcase" name="login" time="0.031"/>
  <system-out/>
  <testcase classname="Day41.Firsttestcase" name="openapp" time="0.003"/>
  <system-out/>
  <testcase classname="Day41.Firsttestcase" name="logout" time="0.002"/>
  <system-out/>
</testsuite> <!-- Day41.Firsttestcase -->
