<?xml version="1.0" encoding="UTF-8"?>
<!-- Generated by org.testng.reporters.JUnitReportReporter -->
<testsuite hostname="ICS-LTP-VELSEL" failures="0" tests="1" name="Practise_programs.Opencartdemo" time="12.697" errors="0" timestamp="2023-11-28T16:26:23 NZDT" skipped="0">
  <testcase classname="Practise_programs.Opencartdemo" name="testlogin" time="12.697"/>
  <system-out/>
</testsuite> <!-- Practise_programs.Opencartdemo -->
