<?xml version="1.0" encoding="UTF-8"?>
<!-- Generated by org.testng.reporters.JUnitReportReporter -->
<testsuite hostname="ICS-LTP-VELSEL" failures="0" tests="2" name="Day42.pack1.C1" time="0.006" errors="0" timestamp="2023-11-20T12:34:42 NZDT" skipped="0">
  <testcase classname="Day42.pack1.C1" name="abc" time="0.002"/>
  <system-out/>
  <testcase classname="Day42.pack1.C1" name="abc" time="0.004"/>
  <system-out/>
</testsuite> <!-- Day42.pack1.C1 -->
