<?xml version="1.0" encoding="UTF-8"?>
<!-- Generated by org.testng.reporters.JUnitReportReporter -->
<testsuite hostname="ICS-LTP-VELSEL" failures="0" tests="3" name="Day43.grouping.Signup" time="0.036" errors="0" timestamp="2023-11-25T15:32:05 NZDT" skipped="0">
  <testcase classname="Day43.grouping.Signup" name="signupbytwitter" time="0.031"/>
  <system-out/>
  <testcase classname="Day43.grouping.Signup" name="signupbyfacebook" time="0.003"/>
  <system-out/>
  <testcase classname="Day43.grouping.Signup" name="signupbygoogle" time="0.002"/>
  <system-out/>
</testsuite> <!-- Day43.grouping.Signup -->
