<?xml version="1.0" encoding="UTF-8"?>
<!-- Generated by org.testng.reporters.JUnitReportReporter -->
<testsuite hostname="ICS-LTP-VELSEL" failures="0" tests="1" name="Day44.Dataprovider_demo" time="5.671" errors="0" timestamp="2023-11-22T08:55:17 NZDT" skipped="0">
  <testcase classname="Day44.Dataprovider_demo" name="login" time="5.671"/>
  <system-out/>
</testsuite> <!-- Day44.Dataprovider_demo -->
