<?xml version="1.0" encoding="UTF-8"?>
<!-- Generated by org.testng.reporters.JUnitReportReporter -->
<testsuite hostname="ICS-LTP-VELSEL" failures="0" tests="3" name="Day43.grouping.Login" time="0.042" errors="0" timestamp="2023-11-25T15:25:38 NZDT" skipped="0">
  <testcase classname="Day43.grouping.Login" name="loginbyfacebook" time="0.033"/>
  <system-out/>
  <testcase classname="Day43.grouping.Login" name="loginbyemail" time="0.006"/>
  <system-out/>
  <testcase classname="Day43.grouping.Login" name="loginbytwitter" time="0.003"/>
  <system-out/>
</testsuite> <!-- Day43.grouping.Login -->
