<?xml version="1.0" encoding="UTF-8"?>
<!-- Generated by org.testng.reporters.JUnitReportReporter -->
<testsuite hostname="ICS-LTP-VELSEL" failures="0" tests="2" name="Day43.grouping.Payments" time="0.005" errors="0" timestamp="2023-11-25T15:17:46 NZDT" skipped="0">
  <testcase classname="Day43.grouping.Payments" name="paymentinrupes" time="0.002"/>
  <system-out/>
  <testcase classname="Day43.grouping.Payments" name="paymentindollars" time="0.003"/>
  <system-out/>
</testsuite> <!-- Day43.grouping.Payments -->
