<?xml version="1.0" encoding="UTF-8"?>
<!-- Generated by org.testng.reporters.JUnitReportReporter -->
<testsuite hostname="ICS-LTP-VELSEL" failures="0" tests="4" name="Day41.Orangehrmtestcase" time="11.479" errors="0" timestamp="2023-11-17T18:52:46 NZDT" skipped="0">
  <testcase classname="Day41.Orangehrmtestcase" name="openApp" time="10.208"/>
  <system-out/>
  <testcase classname="Day41.Orangehrmtestcase" name="testLogo" time="0.624"/>
  <system-out/>
  <testcase classname="Day41.Orangehrmtestcase" name="testLogin" time="0.335"/>
  <system-out/>
  <testcase classname="Day41.Orangehrmtestcase" name="closeApp" time="0.312"/>
  <system-out/>
</testsuite> <!-- Day41.Orangehrmtestcase -->
