<?xml version="1.0" encoding="UTF-8"?>
<!-- Generated by org.testng.reporters.JUnitReportReporter -->
<testsuite hostname="ICS-LTP-VELSEL" failures="0" tests="2" name="Day42.Annotations_class" time="0.026" errors="0" timestamp="2023-11-20T15:07:31 NZDT" skipped="0">
  <testcase classname="Day42.Annotations_class" name="search" time="0.017"/>
  <system-out/>
  <testcase classname="Day42.Annotations_class" name="advancedsearch" time="0.009"/>
  <system-out/>
</testsuite> <!-- Day42.Annotations_class -->
