<?xml version="1.0" encoding="UTF-8"?>
<!-- Generated by org.testng.reporters.JUnitReportReporter -->
<testsuite hostname="ICS-LTP-VELSEL" failures="0" tests="1" name="Day42.pack1.Assertionsdemo" time="0.033" errors="0" timestamp="2023-11-20T13:03:33 NZDT" skipped="0">
  <testcase classname="Day42.pack1.Assertionsdemo" name="strgcomp" time="0.033"/>
  <system-out/>
</testsuite> <!-- Day42.pack1.Assertionsdemo -->
